<?xml version="1.0" encoding="UTF-8"?>
<!-- Generated by org.testng.reporters.JUnitReportReporter -->
<testsuite hostname="DESKTOP-ERPL0N8" failures="0" tests="3" name="com.crowdar.bdd.cukes.TestNGSecuencialRunner" time="76.588" errors="0" timestamp="26 feb. 2022 19:17:36 GMT" skipped="0">
  <testcase classname="com.crowdar.bdd.cukes.TestNGSecuencialRunner" name="runScenario" time="31.294"/>
  <testcase classname="com.crowdar.bdd.cukes.TestNGSecuencialRunner" name="runScenario" time="25.192"/>
  <testcase classname="com.crowdar.bdd.cukes.TestNGSecuencialRunner" name="runScenario" time="20.102"/>
</testsuite> <!-- com.crowdar.bdd.cukes.TestNGSecuencialRunner -->
